<?xml version="1.0" encoding="UTF-8"?>
<!-- Generated by org.testng.reporters.JUnitXMLReporter -->
<testsuite ignored="0" hostname="Ashishs-MacBook-Air.local" failures="0" tests="3" name="Test" time="20.292" errors="0" timestamp="14 Jan. 2019 03:38:53 GMT">
  <testcase classname="com.demoaut.newtours.testscript.ValidateUserTest" name="userValidation" time="4.447"/>
  <testcase classname="com.demoaut.newtours.testscript.InvalidUserTest" name="invalidUserTest" time="1.644"/>
  <testcase classname="com.demoaut.newtours.testscript.bookTicketTest" name="bookTicketTest" time="6.584"/>
</testsuite> <!-- Test -->
